c:\users\57774\source\repos\w11kernel\w11kernel\x64\release\vc143.pdb
c:\users\57774\source\repos\w11kernel\w11kernel\x64\release\util.obj
c:\users\57774\source\repos\w11kernel\w11kernel\x64\release\sharedmemory.obj
c:\users\57774\source\repos\w11kernel\w11kernel\x64\release\shadowssdt.obj
c:\users\57774\source\repos\w11kernel\w11kernel\x64\release\patternscan.obj
c:\users\57774\source\repos\w11kernel\w11kernel\x64\release\modulebase.obj
c:\users\57774\source\repos\w11kernel\w11kernel\x64\release\workerthread.obj
c:\users\57774\source\repos\w11kernel\w11kernel\x64\release\hookfunction.obj
c:\users\57774\source\repos\w11kernel\w11kernel\x64\release\driverentry.obj
c:\users\57774\source\repos\w11kernel\w11kernel\x64\release\disguise.obj
c:\users\57774\source\repos\w11kernel\w11kernel\x64\release\comm.obj
c:\users\57774\source\repos\w11kernel\x64\release\w11kernel.sys
c:\users\57774\source\repos\w11kernel\w11kernel\x64\release\w11kernel.inf
c:\users\57774\source\repos\w11kernel\x64\release\w11kernel.cer
c:\users\57774\source\repos\w11kernel\x64\release\w11kernel.inf
c:\users\57774\source\repos\w11kernel\x64\release\w11kernel.pdb
c:\users\57774\source\repos\w11kernel\w11kernel\x64\release\w11kernel.tlog\cl.command.1.tlog
c:\users\57774\source\repos\w11kernel\w11kernel\x64\release\w11kernel.tlog\cl.items.tlog
c:\users\57774\source\repos\w11kernel\w11kernel\x64\release\w11kernel.tlog\cl.read.1.tlog
c:\users\57774\source\repos\w11kernel\w11kernel\x64\release\w11kernel.tlog\cl.write.1.tlog
c:\users\57774\source\repos\w11kernel\w11kernel\x64\release\w11kernel.tlog\link.command.1.tlog
c:\users\57774\source\repos\w11kernel\w11kernel\x64\release\w11kernel.tlog\link.read.1.tlog
c:\users\57774\source\repos\w11kernel\w11kernel\x64\release\w11kernel.tlog\link.write.1.tlog
c:\users\57774\source\repos\w11kernel\w11kernel\x64\release\w11kernel.tlog\signtool.command.1.tlog
c:\users\57774\source\repos\w11kernel\w11kernel\x64\release\w11kernel.tlog\signtool.read.1.tlog
c:\users\57774\source\repos\w11kernel\w11kernel\x64\release\w11kernel.tlog\signtool.timestamp.1.tlog
c:\users\57774\source\repos\w11kernel\w11kernel\x64\release\w11kernel.tlog\signtool.write.1.tlog
c:\users\57774\source\repos\w11kernel\w11kernel\x64\release\w11kernel.tlog\stampinf.command.1.tlog
c:\users\57774\source\repos\w11kernel\w11kernel\x64\release\w11kernel.tlog\stampinf.read.1.tlog
c:\users\57774\source\repos\w11kernel\w11kernel\x64\release\w11kernel.tlog\stampinf.write.1.tlog
